WARNING Attempt 1 failed due to IP ban. Retrying in 4 seconds...
WARNING Attempt 2 failed due to IP ban. Retrying in 5 seconds...
WARNING Attempt 1 failed due to IP ban. Retrying in 4 seconds...
WARNING Error: <class 'AttributeError'> on get_comment_num, return default value: 0
WARNING Error: <class 'AttributeError'> on get_comment_num, return default value: 0
WARNING Error: <class 'AttributeError'> on get_comment_num, return default value: 0
WARNING Error: <class 'AttributeError'> on get_comment_num, return default value: 0
WARNING Error: <class 'AttributeError'> on get_comment_num, return default value: 0
WARNING Error: <class 'AttributeError'> on get_comment_num, return default value: 0
WARNING Error: <class 'AttributeError'> on get_comment_num, return default value: 0
WARNING Error: <class 'AttributeError'> on get_comment_num, return default value: 0
WARNING Error: <class 'AttributeError'> on get_comment_num, return default value: 0
WARNING Error: <class 'AttributeError'> on get_comment_num, return default value: 0
WARNING Attempt 1 failed due to IP ban. Retrying in 3 seconds...
WARNING Attempt 2 failed due to IP ban. Retrying in 3 seconds...
WARNING Attempt 3 failed due to IP ban. Retrying in 3 seconds...
WARNING Attempt 1 failed due to IP ban. Retrying in 2 seconds...
WARNING Attempt 1 failed due to IP ban. Retrying in 2 seconds...
WARNING Attempt 1 failed due to IP ban. Retrying in 2 seconds...
WARNING Attempt 1 failed due to IP ban. Retrying in 1 seconds...
WARNING Attempt 1 failed due to IP ban. Retrying in 1 seconds...
WARNING Attempt 1 failed due to IP ban. Retrying in 1 seconds...
WARNING Attempt 1 failed due to IP ban. Retrying in 1 seconds...
WARNING Attempt 1 failed due to IP ban. Retrying in 2 seconds...
WARNING Attempt 2 failed due to IP ban. Retrying in 1 seconds...
WARNING Attempt 2 failed due to IP ban. Retrying in 1 seconds...
WARNING Attempt 2 failed due to IP ban. Retrying in 2 seconds...
WARNING Attempt 2 failed due to IP ban. Retrying in 1 seconds...
WARNING Attempt 3 failed due to IP ban. Retrying in 1 seconds...
WARNING Attempt 3 failed due to IP ban. Retrying in 1 seconds...
WARNING Attempt 4 failed due to IP ban. Retrying in 1 seconds...
WARNING Error: <class 'AttributeError'> on get_comment_num, return default value: 0
WARNING Error: <class 'AttributeError'> on get_comment_num, return default value: 0
WARNING Error: <class 'AttributeError'> on get_comment_num, return default value: 0
WARNING Error: <class 'AttributeError'> on get_comment_num, return default value: 0
WARNING Error: <class 'AttributeError'> on get_comment_num, return default value: 0
WARNING Error: <class 'AttributeError'> on get_comment_num, return default value: 0
WARNING Error: <class 'AttributeError'> on get_comment_num, return default value: 0
ERROR A error occurred when getting director: 'NoneType' object has no attribute 'text', movie url: https://movie.douban.com/subject/37070327/
WARNING Error: <class 'AttributeError'> on get_director, return default value: 未知导演
WARNING Error: <class 'AttributeError'> on get_comment_num, return default value: 0
WARNING Error: <class 'AttributeError'> on get_comment_num, return default value: 0
WARNING Error: <class 'AttributeError'> on get_comment_num, return default value: 0
WARNING Error: <class 'AttributeError'> on get_comment_num, return default value: 0
WARNING Attempt 1 failed due to IP ban. Retrying in 1 seconds...
WARNING Attempt 2 failed due to IP ban. Retrying in 1 seconds...
WARNING Attempt 3 failed due to IP ban. Retrying in 1 seconds...
WARNING Attempt 4 failed due to IP ban. Retrying in 2 seconds...
WARNING Attempt 1 failed due to IP ban. Retrying in 1 seconds...
WARNING Attempt 1 failed due to IP ban. Retrying in 2 seconds...
WARNING Attempt 1 failed due to IP ban. Retrying in 1 seconds...
WARNING Attempt 1 failed due to IP ban. Retrying in 1 seconds...
WARNING Attempt 1 failed due to IP ban. Retrying in 2 seconds...
WARNING Attempt 1 failed due to IP ban. Retrying in 1 seconds...
WARNING Attempt 1 failed due to IP ban. Retrying in 2 seconds...
WARNING Attempt 1 failed due to IP ban. Retrying in 1 seconds...
WARNING Attempt 1 failed due to IP ban. Retrying in 1 seconds...
WARNING Attempt 2 failed due to IP ban. Retrying in 1 seconds...
WARNING Attempt 2 failed due to IP ban. Retrying in 1 seconds...
WARNING Attempt 3 failed due to IP ban. Retrying in 2 seconds...
WARNING Error: <class 'AttributeError'> on get_comment_num, return default value: 0
WARNING Error: <class 'AttributeError'> on get_comment_num, return default value: 0
ERROR A error occurred when getting director: 'NoneType' object has no attribute 'text', movie url: https://movie.douban.com/subject/37070327/
WARNING Error: <class 'AttributeError'> on get_director, return default value: 未知导演
WARNING Error: <class 'AttributeError'> on get_comment_num, return default value: 0
WARNING Error: <class 'AttributeError'> on get_comment_num, return default value: 0
WARNING Error: <class 'AttributeError'> on get_comment_num, return default value: 0
WARNING Error: <class 'AttributeError'> on get_comment_num, return default value: 0
WARNING Error: <class 'AttributeError'> on get_comment_num, return default value: 0
WARNING Error: <class 'AttributeError'> on get_comment_num, return default value: 0
ERROR A error occurred when getting director: 'NoneType' object has no attribute 'text', movie url: https://movie.douban.com/subject/37070327/
WARNING Error: <class 'AttributeError'> on get_director, return default value: 未知导演
WARNING Error: <class 'AttributeError'> on get_comment_num, return default value: 0
WARNING Error: <class 'AttributeError'> on get_comment_num, return default value: 0
WARNING Error: <class 'AttributeError'> on get_comment_num, return default value: 0
WARNING Error: <class 'AttributeError'> on get_comment_num, return default value: 0
WARNING Attempt 1 failed due to IP ban. Retrying in 2 seconds...
WARNING Attempt 1 failed due to IP ban. Retrying in 1 seconds...
WARNING Attempt 1 failed due to IP ban. Retrying in 2 seconds...
WARNING Attempt 1 failed due to IP ban. Retrying in 2 seconds...
WARNING Attempt 1 failed due to IP ban. Retrying in 2 seconds...
WARNING Attempt 1 failed due to IP ban. Retrying in 1 seconds...
WARNING Attempt 1 failed due to IP ban. Retrying in 2 seconds...
WARNING Attempt 1 failed due to IP ban. Retrying in 2 seconds...
WARNING Attempt 1 failed due to IP ban. Retrying in 2 seconds...
WARNING Error: <class 'AttributeError'> on get_comment_num, return default value: 0
WARNING Error: <class 'AttributeError'> on get_comment_num, return default value: 0
WARNING Error: <class 'AttributeError'> on get_comment_num, return default value: 0
WARNING Error: <class 'AttributeError'> on get_comment_num, return default value: 0
WARNING Error: <class 'AttributeError'> on get_director, return default value: 未知导演
WARNING Error: <class 'AttributeError'> on get_comment_num, return default value: 0
WARNING Attempt 2 failed due to IP ban. Retrying in 2 seconds...
WARNING Attempt 2 failed due to IP ban. Retrying in 2 seconds...
WARNING Attempt 2 failed due to IP ban. Retrying in 1 seconds...
WARNING Error: <class 'AttributeError'> on get_comment_num, return default value: 0
WARNING Attempt 3 failed due to IP ban. Retrying in 1 seconds...
WARNING Attempt 3 failed due to IP ban. Retrying in 1 seconds...
WARNING Attempt 4 failed due to IP ban. Retrying in 1 seconds...
WARNING Attempt 4 failed due to IP ban. Retrying in 1 seconds...
WARNING Attempt 5 failed due to IP ban. Retrying in 2 seconds...
WARNING Attempt 6 failed due to IP ban. Retrying in 2 seconds...
WARNING Attempt 1 failed due to IP ban. Retrying in 1 seconds...
WARNING Attempt 1 failed due to IP ban. Retrying in 2 seconds...
WARNING Attempt 1 failed due to IP ban. Retrying in 1 seconds...
WARNING Attempt 1 failed due to IP ban. Retrying in 1 seconds...
WARNING Attempt 1 failed due to IP ban. Retrying in 1 seconds...
WARNING Attempt 1 failed due to IP ban. Retrying in 2 seconds...
WARNING Attempt 1 failed due to IP ban. Retrying in 2 seconds...
WARNING Attempt 1 failed due to IP ban. Retrying in 1 seconds...
WARNING Attempt 1 failed due to IP ban. Retrying in 2 seconds...
WARNING Error: <class 'AttributeError'> on get_comment_num, return default value: 0
WARNING Error: <class 'AttributeError'> on get_director, return default value: 未知导演
WARNING Error: <class 'AttributeError'> on get_comment_num, return default value: 0
WARNING Error: <class 'AttributeError'> on get_comment_num, return default value: 0
WARNING Attempt 2 failed due to IP ban. Retrying in 2 seconds...
WARNING Attempt 2 failed due to IP ban. Retrying in 1 seconds...
WARNING Attempt 2 failed due to IP ban. Retrying in 1 seconds...
WARNING Attempt 2 failed due to IP ban. Retrying in 2 seconds...
WARNING Attempt 2 failed due to IP ban. Retrying in 2 seconds...
WARNING Error: <class 'AttributeError'> on get_comment_num, return default value: 0
WARNING Error: <class 'AttributeError'> on get_comment_num, return default value: 0
WARNING Attempt 3 failed due to IP ban. Retrying in 1 seconds...
WARNING Error: <class 'AttributeError'> on get_comment_num, return default value: 0
WARNING Attempt 1 failed due to IP ban. Retrying in 2 seconds...
WARNING Attempt 1 failed due to IP ban. Retrying in 1 seconds...
WARNING Attempt 1 failed due to IP ban. Retrying in 1 seconds...
WARNING Attempt 1 failed due to IP ban. Retrying in 1 seconds...
WARNING Attempt 1 failed due to IP ban. Retrying in 2 seconds...
WARNING Attempt 1 failed due to IP ban. Retrying in 1 seconds...
WARNING Attempt 1 failed due to IP ban. Retrying in 1 seconds...
WARNING Error: <class 'AttributeError'> on get_comment_num, return default value: 0
WARNING Error: <class 'AttributeError'> on get_comment_num, return default value: 0
WARNING Attempt 2 failed due to IP ban. Retrying in 2 seconds...
WARNING Attempt 2 failed due to IP ban. Retrying in 1 seconds...
WARNING Attempt 2 failed due to IP ban. Retrying in 2 seconds...
WARNING Attempt 2 failed due to IP ban. Retrying in 1 seconds...
WARNING Error: <class 'AttributeError'> on get_comment_num, return default value: 0
WARNING Attempt 2 failed due to IP ban. Retrying in 1 seconds...
WARNING Attempt 3 failed due to IP ban. Retrying in 2 seconds...
WARNING Attempt 3 failed due to IP ban. Retrying in 2 seconds...
WARNING Error: <class 'AttributeError'> on get_director, return default value: 未知导演
WARNING Error: <class 'AttributeError'> on get_comment_num, return default value: 0
WARNING Error: <class 'AttributeError'> on get_comment_num, return default value: 0
WARNING Attempt 4 failed due to IP ban. Retrying in 2 seconds...
WARNING Attempt 5 failed due to IP ban. Retrying in 1 seconds...
WARNING Error: <class 'AttributeError'> on get_comment_num, return default value: 0
WARNING Attempt 1 failed due to IP ban. Retrying in 2 seconds...
WARNING Attempt 1 failed due to IP ban. Retrying in 1 seconds...
WARNING Attempt 1 failed due to IP ban. Retrying in 1 seconds...
WARNING Attempt 1 failed due to IP ban. Retrying in 1 seconds...
WARNING Attempt 1 failed due to IP ban. Retrying in 2 seconds...
WARNING Attempt 1 failed due to IP ban. Retrying in 2 seconds...
WARNING Attempt 1 failed due to IP ban. Retrying in 1 seconds...
WARNING Attempt 1 failed due to IP ban. Retrying in 1 seconds...
WARNING Attempt 1 failed due to IP ban. Retrying in 1 seconds...
WARNING Attempt 1 failed due to IP ban. Retrying in 1 seconds...
WARNING Error: <class 'AttributeError'> on get_director, return default value: 未知导演
WARNING Error: <class 'AttributeError'> on get_comment_num, return default value: 0
WARNING Attempt 2 failed due to IP ban. Retrying in 2 seconds...
WARNING Attempt 2 failed due to IP ban. Retrying in 2 seconds...
WARNING Attempt 2 failed due to IP ban. Retrying in 2 seconds...
WARNING Attempt 2 failed due to IP ban. Retrying in 1 seconds...
WARNING Attempt 2 failed due to IP ban. Retrying in 2 seconds...
WARNING Attempt 2 failed due to IP ban. Retrying in 2 seconds...
WARNING Attempt 2 failed due to IP ban. Retrying in 1 seconds...
WARNING Attempt 2 failed due to IP ban. Retrying in 1 seconds...
WARNING Attempt 2 failed due to IP ban. Retrying in 1 seconds...
WARNING Attempt 3 failed due to IP ban. Retrying in 1 seconds...
WARNING Attempt 3 failed due to IP ban. Retrying in 2 seconds...
WARNING Attempt 3 failed due to IP ban. Retrying in 1 seconds...
WARNING Attempt 3 failed due to IP ban. Retrying in 1 seconds...
WARNING Attempt 3 failed due to IP ban. Retrying in 1 seconds...
WARNING Error: <class 'AttributeError'> on get_comment_num, return default value: 0
WARNING Error: <class 'AttributeError'> on get_comment_num, return default value: 0
WARNING Attempt 4 failed due to IP ban. Retrying in 1 seconds...
WARNING Error: <class 'AttributeError'> on get_comment_num, return default value: 0
WARNING Attempt 4 failed due to IP ban. Retrying in 2 seconds...
WARNING Attempt 4 failed due to IP ban. Retrying in 1 seconds...
WARNING Error: <class 'AttributeError'> on get_comment_num, return default value: 0
WARNING Attempt 5 failed due to IP ban. Retrying in 1 seconds...
WARNING Error: <class 'AttributeError'> on get_comment_num, return default value: 0
WARNING Attempt 1 failed due to IP ban. Retrying in 2 seconds...
WARNING Attempt 1 failed due to IP ban. Retrying in 1 seconds...
WARNING Attempt 1 failed due to IP ban. Retrying in 1 seconds...
WARNING Attempt 1 failed due to IP ban. Retrying in 1 seconds...
WARNING Attempt 1 failed due to IP ban. Retrying in 2 seconds...
WARNING Attempt 1 failed due to IP ban. Retrying in 1 seconds...
WARNING Attempt 1 failed due to IP ban. Retrying in 2 seconds...
WARNING Attempt 1 failed due to IP ban. Retrying in 2 seconds...
WARNING Attempt 1 failed due to IP ban. Retrying in 1 seconds...
WARNING Error: <class 'AttributeError'> on get_comment_num, return default value: 0
WARNING Error: <class 'AttributeError'> on get_comment_num, return default value: 0
WARNING Attempt 2 failed due to IP ban. Retrying in 1 seconds...
WARNING Attempt 2 failed due to IP ban. Retrying in 1 seconds...
WARNING Attempt 2 failed due to IP ban. Retrying in 1 seconds...
WARNING Error: <class 'AttributeError'> on get_comment_num, return default value: 0
WARNING Error: <class 'AttributeError'> on get_director, return default value: 未知导演
WARNING Error: <class 'AttributeError'> on get_comment_num, return default value: 0
WARNING Error: <class 'AttributeError'> on get_comment_num, return default value: 0
WARNING Attempt 3 failed due to IP ban. Retrying in 1 seconds...
WARNING Attempt 4 failed due to IP ban. Retrying in 1 seconds...
WARNING Attempt 5 failed due to IP ban. Retrying in 2 seconds...
WARNING Attempt 3 failed due to IP ban. Retrying in 1 seconds...
WARNING Attempt 4 failed due to IP ban. Retrying in 1 seconds...
WARNING Attempt 6 failed due to IP ban. Retrying in 1 seconds...
WARNING Error: <class 'AttributeError'> on get_comment_num, return default value: 0
WARNING Attempt 7 failed due to IP ban. Retrying in 1 seconds...
WARNING Attempt 1 failed due to IP ban. Retrying in 2 seconds...
WARNING Attempt 1 failed due to IP ban. Retrying in 1 seconds...
WARNING Attempt 1 failed due to IP ban. Retrying in 2 seconds...
WARNING Attempt 1 failed due to IP ban. Retrying in 1 seconds...
WARNING Attempt 1 failed due to IP ban. Retrying in 1 seconds...
WARNING Attempt 1 failed due to IP ban. Retrying in 2 seconds...
WARNING Attempt 1 failed due to IP ban. Retrying in 1 seconds...
WARNING Attempt 1 failed due to IP ban. Retrying in 2 seconds...
WARNING Error: <class 'AttributeError'> on get_director, return default value: 未知导演
WARNING Error: <class 'AttributeError'> on get_comment_num, return default value: 0
WARNING Attempt 2 failed due to IP ban. Retrying in 2 seconds...
WARNING Attempt 2 failed due to IP ban. Retrying in 1 seconds...
WARNING Attempt 2 failed due to IP ban. Retrying in 1 seconds...
WARNING Error: <class 'AttributeError'> on get_comment_num, return default value: 0
WARNING Attempt 2 failed due to IP ban. Retrying in 2 seconds...
WARNING Attempt 2 failed due to IP ban. Retrying in 2 seconds...
WARNING Attempt 2 failed due to IP ban. Retrying in 1 seconds...
WARNING Attempt 3 failed due to IP ban. Retrying in 1 seconds...
WARNING Attempt 3 failed due to IP ban. Retrying in 2 seconds...
WARNING Error: <class 'AttributeError'> on get_comment_num, return default value: 0
WARNING Attempt 3 failed due to IP ban. Retrying in 1 seconds...
WARNING Attempt 4 failed due to IP ban. Retrying in 2 seconds...
WARNING Error: <class 'AttributeError'> on get_comment_num, return default value: 0
WARNING Attempt 3 failed due to IP ban. Retrying in 1 seconds...
WARNING Attempt 4 failed due to IP ban. Retrying in 1 seconds...
WARNING Attempt 4 failed due to IP ban. Retrying in 2 seconds...
WARNING Attempt 4 failed due to IP ban. Retrying in 2 seconds...
WARNING Attempt 5 failed due to IP ban. Retrying in 2 seconds...
WARNING Error: <class 'AttributeError'> on get_comment_num, return default value: 0
WARNING Attempt 5 failed due to IP ban. Retrying in 2 seconds...
WARNING Attempt 5 failed due to IP ban. Retrying in 1 seconds...
WARNING Attempt 6 failed due to IP ban. Retrying in 1 seconds...
WARNING Error: <class 'AttributeError'> on get_comment_num, return default value: 0
WARNING Attempt 7 failed due to IP ban. Retrying in 1 seconds...
WARNING Attempt 8 failed due to IP ban. Retrying in 1 seconds...
WARNING Attempt 9 failed due to IP ban. Retrying in 2 seconds...
WARNING Attempt 1 failed due to IP ban. Retrying in 1 seconds...
WARNING Attempt 2 failed due to IP ban. Retrying in 2 seconds...
WARNING Attempt 1 failed due to IP ban. Retrying in 1 seconds...
WARNING Attempt 2 failed due to IP ban. Retrying in 2 seconds...
WARNING Attempt 3 failed due to IP ban. Retrying in 2 seconds...
WARNING Attempt 4 failed due to IP ban. Retrying in 2 seconds...
WARNING Attempt 1 failed due to IP ban. Retrying in 1 seconds...
WARNING Attempt 2 failed due to IP ban. Retrying in 1 seconds...
WARNING Attempt 3 failed due to IP ban. Retrying in 1 seconds...
WARNING Error: <class 'AttributeError'> on get_comment_num, return default value: 0
WARNING Attempt 1 failed due to IP ban. Retrying in 1 seconds...
WARNING Attempt 2 failed due to IP ban. Retrying in 2 seconds...
WARNING Attempt 1 failed due to IP ban. Retrying in 2 seconds...
WARNING Attempt 2 failed due to IP ban. Retrying in 1 seconds...
WARNING Attempt 3 failed due to IP ban. Retrying in 2 seconds...
WARNING Attempt 4 failed due to IP ban. Retrying in 1 seconds...
WARNING Attempt 5 failed due to IP ban. Retrying in 1 seconds...
WARNING Attempt 6 failed due to IP ban. Retrying in 1 seconds...
WARNING Attempt 7 failed due to IP ban. Retrying in 2 seconds...
WARNING Attempt 1 failed due to IP ban. Retrying in 1 seconds...
WARNING Attempt 2 failed due to IP ban. Retrying in 1 seconds...
WARNING Attempt 1 failed due to IP ban. Retrying in 1 seconds...
WARNING Attempt 2 failed due to IP ban. Retrying in 1 seconds...
WARNING Attempt 3 failed due to IP ban. Retrying in 2 seconds...
WARNING Attempt 4 failed due to IP ban. Retrying in 1 seconds...
WARNING Attempt 1 failed due to IP ban. Retrying in 2 seconds...
WARNING Error: <class 'AttributeError'> on get_comment_num, return default value: 0
WARNING Attempt 1 failed due to IP ban. Retrying in 1 seconds...
WARNING Attempt 1 failed due to IP ban. Retrying in 1 seconds...
WARNING Attempt 1 failed due to IP ban. Retrying in 1 seconds...
WARNING Attempt 1 failed due to IP ban. Retrying in 1 seconds...
WARNING Attempt 2 failed due to IP ban. Retrying in 1 seconds...
WARNING Attempt 3 failed due to IP ban. Retrying in 1 seconds...
WARNING Attempt 4 failed due to IP ban. Retrying in 2 seconds...
WARNING Attempt 5 failed due to IP ban. Retrying in 2 seconds...
WARNING Attempt 1 failed due to IP ban. Retrying in 2 seconds...
WARNING Error: <class 'AttributeError'> on get_comment_num, return default value: 0
WARNING Attempt 1 failed due to IP ban. Retrying in 1 seconds...
WARNING Attempt 2 failed due to IP ban. Retrying in 2 seconds...
WARNING Attempt 3 failed due to IP ban. Retrying in 1 seconds...
WARNING Attempt 4 failed due to IP ban. Retrying in 2 seconds...
WARNING Attempt 1 failed due to IP ban. Retrying in 1 seconds...
WARNING Attempt 1 failed due to IP ban. Retrying in 2 seconds...
WARNING Error: <class 'AttributeError'> on get_comment_num, return default value: 0
WARNING Attempt 1 failed due to IP ban. Retrying in 2 seconds...
WARNING Attempt 2 failed due to IP ban. Retrying in 1 seconds...
WARNING Attempt 3 failed due to IP ban. Retrying in 2 seconds...
WARNING Attempt 4 failed due to IP ban. Retrying in 2 seconds...
WARNING Attempt 5 failed due to IP ban. Retrying in 1 seconds...
WARNING Attempt 6 failed due to IP ban. Retrying in 1 seconds...
WARNING Attempt 1 failed due to IP ban. Retrying in 1 seconds...
WARNING Attempt 1 failed due to IP ban. Retrying in 1 seconds...
WARNING Attempt 2 failed due to IP ban. Retrying in 2 seconds...
WARNING Attempt 3 failed due to IP ban. Retrying in 1 seconds...
WARNING Attempt 4 failed due to IP ban. Retrying in 1 seconds...
WARNING Attempt 5 failed due to IP ban. Retrying in 1 seconds...
WARNING Error: <class 'AttributeError'> on get_comment_num, return default value: 0
WARNING Attempt 1 failed due to IP ban. Retrying in 1 seconds...
WARNING Attempt 1 failed due to IP ban. Retrying in 1 seconds...
WARNING Attempt 1 failed due to IP ban. Retrying in 1 seconds...
WARNING Attempt 2 failed due to IP ban. Retrying in 1 seconds...
WARNING Attempt 3 failed due to IP ban. Retrying in 1 seconds...
WARNING Attempt 4 failed due to IP ban. Retrying in 2 seconds...
WARNING Attempt 5 failed due to IP ban. Retrying in 2 seconds...
WARNING Attempt 1 failed due to IP ban. Retrying in 2 seconds...
WARNING Attempt 2 failed due to IP ban. Retrying in 1 seconds...
WARNING Attempt 3 failed due to IP ban. Retrying in 2 seconds...
WARNING Attempt 4 failed due to IP ban. Retrying in 2 seconds...
WARNING Attempt 5 failed due to IP ban. Retrying in 2 seconds...
WARNING Error: <class 'AttributeError'> on get_comment_num, return default value: 0
WARNING Attempt 1 failed due to IP ban. Retrying in 1 seconds...
WARNING Attempt 2 failed due to IP ban. Retrying in 1 seconds...
WARNING Error: <class 'AttributeError'> on get_comment_num, return default value: 0
WARNING Error: <class 'AttributeError'> on get_comment_num, return default value: 0
WARNING Error: <class 'TypeError'> on extract_rating, return default value: 暂无评分
WARNING Error: <class 'TypeError'> on extract_rating, return default value: 暂无评分
WARNING Error: <class 'TypeError'> on extract_rating, return default value: 暂无评分
WARNING Error: <class 'TypeError'> on extract_rating, return default value: 暂无评分
WARNING Error: <class 'TypeError'> on extract_rating, return default value: 暂无评分
WARNING Error: <class 'TypeError'> on extract_rating, return default value: 暂无评分
WARNING Error: <class 'TypeError'> on extract_rating, return default value: 暂无评分
WARNING Error: <class 'TypeError'> on extract_rating, return default value: 暂无评分
WARNING Error: <class 'TypeError'> on extract_rating, return default value: 暂无评分
WARNING Error: <class 'TypeError'> on extract_rating, return default value: 暂无评分
WARNING Error: <class 'TypeError'> on extract_rating, return default value: 暂无评分
WARNING Error: <class 'TypeError'> on extract_rating, return default value: 暂无评分
WARNING Error: <class 'TypeError'> on extract_rating, return default value: 暂无评分
WARNING Error: <class 'TypeError'> on extract_rating, return default value: 暂无评分
WARNING Error: <class 'TypeError'> on extract_rating, return default value: 暂无评分
WARNING Error: <class 'TypeError'> on extract_rating, return default value: 暂无评分
WARNING Error: <class 'TypeError'> on extract_rating, return default value: 暂无评分
WARNING Error: <class 'TypeError'> on extract_rating, return default value: 暂无评分
WARNING Error: <class 'TypeError'> on extract_rating, return default value: 暂无评分
WARNING Error: <class 'TypeError'> on extract_rating, return default value: 暂无评分
WARNING Error: <class 'TypeError'> on extract_rating, return default value: 暂无评分
WARNING Error: <class 'TypeError'> on extract_rating, return default value: 暂无评分
WARNING Error: <class 'TypeError'> on extract_rating, return default value: 暂无评分
WARNING Error: <class 'TypeError'> on extract_rating, return default value: 暂无评分
WARNING Error: <class 'TypeError'> on extract_rating, return default value: 暂无评分
WARNING Error: <class 'TypeError'> on extract_rating, return default value: 暂无评分
WARNING Error: <class 'TypeError'> on extract_rating, return default value: 暂无评分
WARNING Error: <class 'TypeError'> on extract_rating, return default value: 暂无评分
WARNING Error: <class 'TypeError'> on extract_rating, return default value: 暂无评分
WARNING Error: <class 'TypeError'> on extract_rating, return default value: 暂无评分
WARNING Error: <class 'TypeError'> on extract_rating, return default value: 暂无评分
WARNING Error: <class 'TypeError'> on extract_rating, return default value: 暂无评分
WARNING Error: <class 'TypeError'> on extract_rating, return default value: 暂无评分
WARNING Error: <class 'TypeError'> on extract_rating, return default value: 暂无评分
WARNING Error: <class 'TypeError'> on extract_rating, return default value: 暂无评分
WARNING Error: <class 'TypeError'> on extract_rating, return default value: 暂无评分
WARNING Error: <class 'TypeError'> on extract_rating, return default value: 暂无评分
WARNING Error: <class 'TypeError'> on extract_rating, return default value: 暂无评分
WARNING Error: <class 'TypeError'> on extract_rating, return default value: 暂无评分
WARNING Error: <class 'TypeError'> on extract_rating, return default value: 暂无评分
WARNING Error: <class 'TypeError'> on extract_rating, return default value: 暂无评分
WARNING Error: <class 'TypeError'> on extract_rating, return default value: 暂无评分
WARNING Error: <class 'TypeError'> on extract_rating, return default value: 暂无评分
WARNING Error: <class 'TypeError'> on extract_rating, return default value: 暂无评分
WARNING Error: <class 'TypeError'> on extract_rating, return default value: 暂无评分
WARNING Error: <class 'TypeError'> on extract_rating, return default value: 暂无评分
WARNING Error: <class 'TypeError'> on extract_rating, return default value: 暂无评分
WARNING Error: <class 'TypeError'> on extract_rating, return default value: 暂无评分
WARNING Error: <class 'TypeError'> on extract_rating, return default value: 暂无评分
WARNING Error: <class 'TypeError'> on extract_rating, return default value: 暂无评分
WARNING Error: <class 'TypeError'> on extract_rating, return default value: 暂无评分
WARNING Error: <class 'TypeError'> on extract_rating, return default value: 暂无评分
WARNING Error: <class 'TypeError'> on extract_rating, return default value: 暂无评分
WARNING Error: <class 'TypeError'> on extract_rating, return default value: 暂无评分
WARNING Error: <class 'TypeError'> on extract_rating, return default value: 暂无评分
WARNING Error: <class 'TypeError'> on extract_rating, return default value: 暂无评分
WARNING Error: <class 'TypeError'> on extract_rating, return default value: 暂无评分
WARNING Error: <class 'TypeError'> on extract_rating, return default value: 暂无评分
WARNING Error: <class 'TypeError'> on extract_rating, return default value: 暂无评分
WARNING Error: <class 'TypeError'> on extract_rating, return default value: 暂无评分
WARNING Error: <class 'TypeError'> on extract_rating, return default value: 暂无评分
WARNING Error: <class 'TypeError'> on extract_rating, return default value: 暂无评分
WARNING Error: <class 'TypeError'> on extract_rating, return default value: 暂无评分
WARNING Error: <class 'TypeError'> on extract_rating, return default value: 暂无评分
WARNING Error: <class 'TypeError'> on extract_rating, return default value: 暂无评分
WARNING Error: <class 'TypeError'> on extract_rating, return default value: 暂无评分
WARNING Error: <class 'TypeError'> on extract_rating, return default value: 暂无评分
WARNING Error: <class 'AttributeError'> on get_comment_num, return default value: 0
WARNING Error: <class 'TypeError'> on extract_rating, return default value: 暂无评分
WARNING Error: <class 'TypeError'> on extract_rating, return default value: 暂无评分
WARNING Error: <class 'TypeError'> on extract_rating, return default value: 暂无评分
WARNING Error: <class 'TypeError'> on extract_rating, return default value: 暂无评分
WARNING Error: <class 'TypeError'> on extract_rating, return default value: 暂无评分
WARNING Error: <class 'TypeError'> on extract_rating, return default value: 暂无评分
WARNING Error: <class 'TypeError'> on extract_rating, return default value: 暂无评分
WARNING Error: <class 'TypeError'> on extract_rating, return default value: 暂无评分
WARNING Error: <class 'AttributeError'> on get_comment_num, return default value: 0
WARNING Error: <class 'TypeError'> on extract_rating, return default value: 暂无评分
WARNING Error: <class 'TypeError'> on extract_rating, return default value: 暂无评分
WARNING Error: <class 'TypeError'> on extract_rating, return default value: 暂无评分
WARNING Error: <class 'AttributeError'> on get_comment_num, return default value: 0
WARNING Error: <class 'TypeError'> on extract_rating, return default value: 暂无评分
WARNING Error: <class 'TypeError'> on extract_rating, return default value: 暂无评分
WARNING Error: <class 'TypeError'> on extract_rating, return default value: 暂无评分
WARNING Error: <class 'TypeError'> on extract_rating, return default value: 暂无评分
WARNING Error: <class 'AttributeError'> on get_comment_num, return default value: 0
WARNING Error: <class 'TypeError'> on extract_rating, return default value: 暂无评分
WARNING Error: <class 'TypeError'> on extract_rating, return default value: 暂无评分
WARNING Error: <class 'TypeError'> on extract_rating, return default value: 暂无评分
WARNING Error: <class 'TypeError'> on extract_rating, return default value: 暂无评分
WARNING Error: <class 'AttributeError'> on get_director, return default value: 未知导演
WARNING Error: <class 'AttributeError'> on get_comment_num, return default value: 0
WARNING Error: <class 'AttributeError'> on get_comment_num, return default value: 0
WARNING Error: <class 'AttributeError'> on get_director, return default value: 未知导演
WARNING Error: <class 'AttributeError'> on get_comment_num, return default value: 0
WARNING Error: <class 'AttributeError'> on get_comment_num, return default value: 0
WARNING Error: <class 'TypeError'> on extract_rating, return default value: 暂无评分
WARNING Error: <class 'TypeError'> on extract_rating, return default value: 暂无评分
WARNING Error: <class 'AttributeError'> on get_director, return default value: 未知导演
WARNING Error: <class 'AttributeError'> on get_comment_num, return default value: 0
WARNING Error: <class 'AttributeError'> on get_comment_num, return default value: 0
WARNING Error: <class 'AttributeError'> on get_director, return default value: 未知导演
WARNING Error: <class 'AttributeError'> on get_comment_num, return default value: 0
WARNING Error: <class 'AttributeError'> on get_comment_num, return default value: 0
WARNING Error: <class 'TypeError'> on extract_rating, return default value: 暂无评分
WARNING Error: <class 'TypeError'> on extract_rating, return default value: 暂无评分
WARNING Error: <class 'AttributeError'> on get_director, return default value: 未知导演
WARNING Error: <class 'AttributeError'> on get_comment_num, return default value: 0
WARNING Error: <class 'AttributeError'> on get_comment_num, return default value: 0
WARNING Error: <class 'AttributeError'> on get_director, return default value: 未知导演
WARNING Error: <class 'AttributeError'> on get_comment_num, return default value: 0
WARNING Error: <class 'AttributeError'> on get_comment_num, return default value: 0
WARNING Error: <class 'AttributeError'> on get_comment_num, return default value: 0
WARNING Error: <class 'TypeError'> on extract_rating, return default value: 暂无评分
WARNING Error: <class 'TypeError'> on extract_rating, return default value: 暂无评分
WARNING Error: <class 'TypeError'> on extract_rating, return default value: 暂无评分
WARNING Error: <class 'TypeError'> on extract_rating, return default value: 暂无评分
WARNING Error: <class 'TypeError'> on extract_rating, return default value: 暂无评分
WARNING Error: <class 'AttributeError'> on get_comment_num, return default value: 0
WARNING Error: <class 'TypeError'> on extract_rating, return default value: 暂无评分
WARNING Error: <class 'TypeError'> on extract_rating, return default value: 暂无评分
WARNING Error: <class 'TypeError'> on extract_rating, return default value: 暂无评分
WARNING Error: <class 'AttributeError'> on get_director, return default value: 未知导演
WARNING Error: <class 'AttributeError'> on get_comment_num, return default value: 0
WARNING Error: <class 'TypeError'> on extract_rating, return default value: 暂无评分
WARNING Error: <class 'AttributeError'> on get_comment_num, return default value: 0
WARNING Error: <class 'AttributeError'> on get_director, return default value: 未知导演
WARNING Error: <class 'AttributeError'> on get_comment_num, return default value: 0
WARNING Error: <class 'AttributeError'> on get_comment_num, return default value: 0
WARNING Error: <class 'TypeError'> on extract_rating, return default value: 暂无评分
WARNING Error: <class 'TypeError'> on extract_rating, return default value: 暂无评分
WARNING Error: <class 'TypeError'> on extract_rating, return default value: 暂无评分
WARNING Error: <class 'TypeError'> on extract_rating, return default value: 暂无评分
WARNING Error: <class 'TypeError'> on extract_rating, return default value: 暂无评分
WARNING Error: <class 'TypeError'> on extract_rating, return default value: 暂无评分
WARNING Error: <class 'TypeError'> on extract_rating, return default value: 暂无评分
WARNING Error: <class 'TypeError'> on extract_rating, return default value: 暂无评分
